  [1m[36mActiveRecord::SchemaMigration Pluck (0.0ms)[0m  [1m[34mSELECT "schema_migrations"."version" FROM "schema_migrations" ORDER BY "schema_migrations"."version" ASC[0m
Migrating to CreateMovies (20241029203553)
  [1m[36mTRANSACTION (0.0ms)[0m  [1m[36mbegin transaction[0m
  [1m[35m (0.3ms)[0m  [1m[35mCREATE TABLE "movies" ("id" integer PRIMARY KEY AUTOINCREMENT NOT NULL, "title" varchar, "rating" varchar, "total_gross" decimal, "created_at" datetime(6) NOT NULL, "updated_at" datetime(6) NOT NULL)[0m
  [1m[36mActiveRecord::SchemaMigration Create (0.1ms)[0m  [1m[32mINSERT INTO "schema_migrations" ("version") VALUES (?)[0m  [["version", "20241029203553"]]
  [1m[36mTRANSACTION (0.4ms)[0m  [1m[36mcommit transaction[0m
  [1m[36mActiveRecord::InternalMetadata Load (0.0ms)[0m  [1m[34mSELECT "ar_internal_metadata".* FROM "ar_internal_metadata" WHERE "ar_internal_metadata"."key" = ? LIMIT ?[0m  [["key", "environment"], ["LIMIT", 1]]
  [1m[36mTRANSACTION (0.0ms)[0m  [1m[36mbegin transaction[0m
  [1m[36mActiveRecord::InternalMetadata Create (0.2ms)[0m  [1m[32mINSERT INTO "ar_internal_metadata" ("key", "value", "created_at", "updated_at") VALUES (?, ?, ?, ?)[0m  [["key", "environment"], ["value", "development"], ["created_at", "2024-10-30 13:56:45.681427"], ["updated_at", "2024-10-30 13:56:45.681427"]]
  [1m[36mTRANSACTION (0.3ms)[0m  [1m[36mcommit transaction[0m
  [1m[36mActiveRecord::SchemaMigration Pluck (0.1ms)[0m  [1m[34mSELECT "schema_migrations"."version" FROM "schema_migrations" ORDER BY "schema_migrations"."version" ASC[0m
  [1m[36mActiveRecord::SchemaMigration Pluck (0.0ms)[0m  [1m[34mSELECT "schema_migrations"."version" FROM "schema_migrations" ORDER BY "schema_migrations"."version" ASC[0m
  [1m[36mActiveRecord::SchemaMigration Pluck (0.1ms)[0m  [1m[34mSELECT "schema_migrations"."version" FROM "schema_migrations" ORDER BY "schema_migrations"."version" ASC[0m
  [1m[36mActiveRecord::InternalMetadata Load (0.2ms)[0m  [1m[34mSELECT "ar_internal_metadata".* FROM "ar_internal_metadata" WHERE "ar_internal_metadata"."key" = ? LIMIT ?[0m  [["key", "environment"], ["LIMIT", 1]]
  [1m[36mActiveRecord::SchemaMigration Pluck (0.0ms)[0m  [1m[34mSELECT "schema_migrations"."version" FROM "schema_migrations" ORDER BY "schema_migrations"."version" ASC[0m
  [1m[36mMovie Load (0.1ms)[0m  [1m[34mSELECT "movies".* FROM "movies"[0m
  [1m[36mTRANSACTION (0.1ms)[0m  [1m[36mbegin transaction[0m
  [1m[36mMovie Create (0.5ms)[0m  [1m[32mINSERT INTO "movies" ("title", "rating", "total_gross", "created_at", "updated_at") VALUES (?, ?, ?, ?, ?)[0m  [["title", "Iron Man"], ["rating", "PG-13"], ["total_gross", 585366247.0], ["created_at", "2024-10-30 14:49:43.269434"], ["updated_at", "2024-10-30 14:49:43.269434"]]
  [1m[36mTRANSACTION (0.8ms)[0m  [1m[36mcommit transaction[0m
  [1m[36mMovie Load (0.2ms)[0m  [1m[34mSELECT "movies".* FROM "movies"[0m
  [1m[36mMovie Count (0.3ms)[0m  [1m[34mSELECT COUNT(*) FROM "movies"[0m
  [1m[36mTRANSACTION (0.1ms)[0m  [1m[36mbegin transaction[0m
  [1m[36mMovie Create (0.8ms)[0m  [1m[32mINSERT INTO "movies" ("title", "rating", "total_gross", "created_at", "updated_at") VALUES (?, ?, ?, ?, ?)[0m  [["title", "Superman"], ["rating", "PG"], ["total_gross", 300451603.0], ["created_at", "2024-10-30 14:57:53.996257"], ["updated_at", "2024-10-30 14:57:53.996257"]]
  [1m[36mTRANSACTION (1.3ms)[0m  [1m[36mcommit transaction[0m
  [1m[36mMovie Load (0.3ms)[0m  [1m[34mSELECT "movies".* FROM "movies"[0m
  [1m[36mMovie Count (0.1ms)[0m  [1m[34mSELECT COUNT(*) FROM "movies"[0m
  [1m[36mTRANSACTION (0.1ms)[0m  [1m[36mbegin transaction[0m
  [1m[36mMovie Create (0.8ms)[0m  [1m[32mINSERT INTO "movies" ("title", "rating", "total_gross", "created_at", "updated_at") VALUES (?, ?, ?, ?, ?)[0m  [["title", "Spider-Man"], ["rating", "PG-13"], ["total_gross", 825025036.0], ["created_at", "2024-10-30 14:58:28.948520"], ["updated_at", "2024-10-30 14:58:28.948520"]]
  [1m[36mTRANSACTION (1.1ms)[0m  [1m[36mcommit transaction[0m
  [1m[36mMovie Count (0.3ms)[0m  [1m[34mSELECT COUNT(*) FROM "movies"[0m
  [1m[36mMovie Load (0.2ms)[0m  [1m[34mSELECT "movies".* FROM "movies"[0m
  [1m[36mMovie Count (0.1ms)[0m  [1m[34mSELECT COUNT(*) FROM "movies"[0m
  [1m[36mMovie Load (0.1ms)[0m  [1m[34mSELECT "movies".* FROM "movies"[0m
  [1m[36mMovie Load (0.2ms)[0m  [1m[34mSELECT "movies".* FROM "movies" WHERE "movies"."id" = ? LIMIT ?[0m  [["id", 1], ["LIMIT", 1]]
  [1m[36mMovie Count (0.1ms)[0m  [1m[34mSELECT COUNT(*) FROM "movies"[0m
  [1m[36mMovie Load (0.1ms)[0m  [1m[34mSELECT "movies".* FROM "movies"[0m
  [1m[36mTRANSACTION (0.0ms)[0m  [1m[36mbegin transaction[0m
  [1m[36mMovie Update (0.3ms)[0m  [1m[33mUPDATE "movies" SET "title" = ?, "updated_at" = ? WHERE "movies"."id" = ?[0m  [["title", "Iron Man 2"], ["updated_at", "2024-10-30 17:27:45.154845"], ["id", 1]]
  [1m[36mTRANSACTION (0.8ms)[0m  [1m[36mcommit transaction[0m
  [1m[36mMovie Load (0.1ms)[0m  [1m[34mSELECT "movies".* FROM "movies"[0m
  [1m[36mMovie Load (0.2ms)[0m  [1m[34mSELECT "movies".* FROM "movies" WHERE "movies"."title" = ? LIMIT ?[0m  [["title", "Spider-Man"], ["LIMIT", 1]]
  [1m[36mTRANSACTION (0.0ms)[0m  [1m[36mbegin transaction[0m
  [1m[36mMovie Destroy (0.3ms)[0m  [1m[31mDELETE FROM "movies" WHERE "movies"."id" = ?[0m  [["id", 3]]
  [1m[36mTRANSACTION (0.8ms)[0m  [1m[36mcommit transaction[0m
  [1m[36mMovie Load (0.1ms)[0m  [1m[34mSELECT "movies".* FROM "movies"[0m
  [1m[36mMovie Load (0.2ms)[0m  [1m[34mSELECT "movies".* FROM "movies" WHERE "movies"."title" = ?[0m  [["title", "Superman"]]
  [1m[36mTRANSACTION (0.0ms)[0m  [1m[36mbegin transaction[0m
  [1m[36mMovie Destroy (0.3ms)[0m  [1m[31mDELETE FROM "movies" WHERE "movies"."id" = ?[0m  [["id", 2]]
  [1m[36mTRANSACTION (1.0ms)[0m  [1m[36mcommit transaction[0m
  [1m[36mMovie Load (0.1ms)[0m  [1m[34mSELECT "movies".* FROM "movies"[0m
  [1m[36mMovie Load (0.2ms)[0m  [1m[34mSELECT "movies".* FROM "movies"[0m
Started GET "/movies" for ::1 at 2024-10-31 15:30:28 -0400
  [1m[36mActiveRecord::SchemaMigration Pluck (0.1ms)[0m  [1m[34mSELECT "schema_migrations"."version" FROM "schema_migrations" ORDER BY "schema_migrations"."version" ASC[0m
Processing by MoviesController#index as HTML
  Rendering layout layouts/application.html.erb
  Rendering movies/index.html.erb within layouts/application
  Rendered movies/index.html.erb within layouts/application (Duration: 0.5ms | Allocations: 422)
  Rendered layout layouts/application.html.erb (Duration: 29.0ms | Allocations: 36065)
Completed 200 OK in 36ms (Views: 30.8ms | ActiveRecord: 0.0ms | Allocations: 40234)


  [1m[36mMovie Load (0.2ms)[0m  [1m[34mSELECT "movies".* FROM "movies"[0m
  [1m[36mTRANSACTION (0.1ms)[0m  [1m[36mbegin transaction[0m
  [1m[36mMovie Create (0.7ms)[0m  [1m[32mINSERT INTO "movies" ("title", "rating", "total_gross", "created_at", "updated_at") VALUES (?, ?, ?, ?, ?)[0m  [["title", "Superman"], ["rating", "PG"], ["total_gross", 300451603.0], ["created_at", "2024-10-31 19:54:09.171631"], ["updated_at", "2024-10-31 19:54:09.171631"]]
  [1m[36mTRANSACTION (1.2ms)[0m  [1m[36mcommit transaction[0m
  [1m[36mMovie Load (0.3ms)[0m  [1m[34mSELECT "movies".* FROM "movies"[0m
  [1m[36mTRANSACTION (0.0ms)[0m  [1m[36mbegin transaction[0m
  [1m[36mMovie Create (0.3ms)[0m  [1m[32mINSERT INTO "movies" ("title", "rating", "total_gross", "created_at", "updated_at") VALUES (?, ?, ?, ?, ?)[0m  [["title", "Spider-Man"], ["rating", "PG-13"], ["total_gross", 825025036.0], ["created_at", "2024-10-31 19:54:33.182414"], ["updated_at", "2024-10-31 19:54:33.182414"]]
  [1m[36mTRANSACTION (0.7ms)[0m  [1m[36mcommit transaction[0m
  [1m[36mMovie Load (0.1ms)[0m  [1m[34mSELECT "movies".* FROM "movies"[0m
Started GET "/movies" for ::1 at 2024-11-01 10:45:11 -0400
Processing by MoviesController#index as HTML
  Rendering layout layouts/application.html.erb
  Rendering movies/index.html.erb within layouts/application
  [1m[36mMovie Load (0.0ms)[0m  [1m[34mSELECT "movies".* FROM "movies"[0m
  ↳ app/views/movies/index.html.erb:2
  Rendered movies/index.html.erb within layouts/application (Duration: 4.9ms | Allocations: 5792)
  Rendered layout layouts/application.html.erb (Duration: 14.2ms | Allocations: 22715)
Completed 200 OK in 17ms (Views: 14.4ms | ActiveRecord: 0.4ms | Allocations: 24105)


Started GET "/movies" for ::1 at 2024-11-01 10:46:26 -0400
Processing by MoviesController#index as HTML
  Rendering layout layouts/application.html.erb
  Rendering movies/index.html.erb within layouts/application
  [1m[36mMovie Load (0.1ms)[0m  [1m[34mSELECT "movies".* FROM "movies"[0m
  ↳ app/views/movies/index.html.erb:2
  Rendered movies/index.html.erb within layouts/application (Duration: 1.6ms | Allocations: 870)
  Rendered layout layouts/application.html.erb (Duration: 5.0ms | Allocations: 2896)
Completed 200 OK in 8ms (Views: 6.8ms | ActiveRecord: 0.1ms | Allocations: 3881)


Started GET "/movies" for ::1 at 2024-11-01 10:48:01 -0400
Processing by MoviesController#index as HTML
  Rendering layout layouts/application.html.erb
  Rendering movies/index.html.erb within layouts/application
  [1m[36mMovie Load (0.1ms)[0m  [1m[34mSELECT "movies".* FROM "movies"[0m
  ↳ app/views/movies/index.html.erb:4
  Rendered movies/index.html.erb within layouts/application (Duration: 1.5ms | Allocations: 920)
  Rendered layout layouts/application.html.erb (Duration: 4.0ms | Allocations: 2955)
Completed 200 OK in 6ms (Views: 5.3ms | ActiveRecord: 0.1ms | Allocations: 3901)


Started GET "/movies" for ::1 at 2024-11-01 10:49:23 -0400
Processing by MoviesController#index as HTML
  Rendering layout layouts/application.html.erb
  Rendering movies/index.html.erb within layouts/application
  [1m[36mMovie Load (0.1ms)[0m  [1m[34mSELECT "movies".* FROM "movies"[0m
  ↳ app/views/movies/index.html.erb:4
  Rendered movies/index.html.erb within layouts/application (Duration: 1.4ms | Allocations: 897)
  Rendered layout layouts/application.html.erb (Duration: 9.8ms | Allocations: 2919)
Completed 200 OK in 12ms (Views: 11.3ms | ActiveRecord: 0.1ms | Allocations: 3866)


Started GET "/movies" for ::1 at 2024-11-01 10:49:59 -0400
Processing by MoviesController#index as HTML
  Rendering layout layouts/application.html.erb
  Rendering movies/index.html.erb within layouts/application
  [1m[36mMovie Load (0.1ms)[0m  [1m[34mSELECT "movies".* FROM "movies"[0m
  ↳ app/views/movies/index.html.erb:4
  Rendered movies/index.html.erb within layouts/application (Duration: 14.5ms | Allocations: 5035)
  Rendered layout layouts/application.html.erb (Duration: 16.2ms | Allocations: 7122)
Completed 200 OK in 18ms (Views: 17.1ms | ActiveRecord: 0.1ms | Allocations: 8086)


Started GET "/movies" for ::1 at 2024-11-01 10:51:38 -0400
Processing by MoviesController#index as HTML
  Rendering layout layouts/application.html.erb
  Rendering movies/index.html.erb within layouts/application
  [1m[36mMovie Load (0.1ms)[0m  [1m[34mSELECT "movies".* FROM "movies"[0m
  ↳ app/views/movies/index.html.erb:4
  Rendered movies/index.html.erb within layouts/application (Duration: 1.9ms | Allocations: 1245)
  Rendered layout layouts/application.html.erb (Duration: 4.1ms | Allocations: 3273)
Completed 200 OK in 7ms (Views: 5.8ms | ActiveRecord: 0.1ms | Allocations: 4246)


  [1m[36mMovie Load (0.5ms)[0m  [1m[34mSELECT "movies".* FROM "movies" WHERE (Iron Man 2) LIMIT ?[0m  [["LIMIT", 1]]
  [1m[36mMovie Load (0.6ms)[0m  [1m[34mSELECT "movies".* FROM "movies" WHERE "movies"."name" = ? LIMIT ?[0m  [["name", "Iron Man 2"], ["LIMIT", 1]]
  [1m[36mMovie Load (0.4ms)[0m  [1m[34mSELECT "movies".* FROM "movies" WHERE "movies"."title" = ? LIMIT ?[0m  [["title", "Iron Man 2"], ["LIMIT", 1]]
  [1m[36mMovie Load (0.4ms)[0m  [1m[34mSELECT "movies".* FROM "movies" WHERE "movies"."id" = ? LIMIT ?[0m  [["id", 1], ["LIMIT", 1]]
  [1m[36mMovie Load (0.2ms)[0m  [1m[34mSELECT "movies".* FROM "movies"[0m
  [1m[36mTRANSACTION (0.1ms)[0m  [1m[36mbegin transaction[0m
  [1m[36mMovie Update (0.7ms)[0m  [1m[33mUPDATE "movies" SET "title" = ?, "updated_at" = ? WHERE "movies"."id" = ?[0m  [["title", "Iron Man"], ["updated_at", "2024-11-01 17:58:37.707069"], ["id", 1]]
  [1m[36mTRANSACTION (1.5ms)[0m  [1m[36mcommit transaction[0m
  [1m[36mMovie Load (0.3ms)[0m  [1m[34mSELECT "movies".* FROM "movies"[0m
  [1m[36mActiveRecord::SchemaMigration Pluck (0.0ms)[0m  [1m[34mSELECT "schema_migrations"."version" FROM "schema_migrations" ORDER BY "schema_migrations"."version" ASC[0m
  [1m[36mActiveRecord::SchemaMigration Pluck (0.0ms)[0m  [1m[34mSELECT "schema_migrations"."version" FROM "schema_migrations" ORDER BY "schema_migrations"."version" ASC[0m
Migrating to AddFieldsToMovies (20241101180816)
  [1m[36mTRANSACTION (0.0ms)[0m  [1m[36mbegin transaction[0m
  [1m[35m (0.3ms)[0m  [1m[35mALTER TABLE "movies" ADD "description" text[0m
  [1m[35m (0.1ms)[0m  [1m[35mALTER TABLE "movies" ADD "released_on" date[0m
  [1m[36mActiveRecord::SchemaMigration Create (0.1ms)[0m  [1m[32mINSERT INTO "schema_migrations" ("version") VALUES (?)[0m  [["version", "20241101180816"]]
  [1m[36mTRANSACTION (0.3ms)[0m  [1m[36mcommit transaction[0m
  [1m[36mActiveRecord::InternalMetadata Load (0.0ms)[0m  [1m[34mSELECT "ar_internal_metadata".* FROM "ar_internal_metadata" WHERE "ar_internal_metadata"."key" = ? LIMIT ?[0m  [["key", "environment"], ["LIMIT", 1]]
  [1m[36mActiveRecord::SchemaMigration Pluck (0.0ms)[0m  [1m[34mSELECT "schema_migrations"."version" FROM "schema_migrations" ORDER BY "schema_migrations"."version" ASC[0m
  [1m[36mActiveRecord::SchemaMigration Pluck (0.0ms)[0m  [1m[34mSELECT "schema_migrations"."version" FROM "schema_migrations" ORDER BY "schema_migrations"."version" ASC[0m
  [1m[36mMovie Load (0.1ms)[0m  [1m[34mSELECT "movies".* FROM "movies" WHERE "movies"."title" = ? LIMIT ?[0m  [["title", "Iron Man"], ["LIMIT", 1]]
  [1m[36mTRANSACTION (0.1ms)[0m  [1m[36mbegin transaction[0m
  [1m[36mMovie Update (0.8ms)[0m  [1m[33mUPDATE "movies" SET "updated_at" = ?, "description" = ?, "released_on" = ? WHERE "movies"."id" = ?[0m  [["updated_at", "2024-11-01 18:12:36.062132"], ["description", "Tony Stark builds an armored suit to fight the throes of evil"], ["released_on", "2008-05-02"], ["id", 1]]
  [1m[36mTRANSACTION (0.8ms)[0m  [1m[36mcommit transaction[0m
  [1m[36mMovie Load (0.1ms)[0m  [1m[34mSELECT "movies".* FROM "movies"[0m
  [1m[36mMovie Load (0.2ms)[0m  [1m[34mSELECT "movies".* FROM "movies" WHERE "movies"."title" = ? LIMIT ?[0m  [["title", "Superman"], ["LIMIT", 1]]
  [1m[36mTRANSACTION (0.1ms)[0m  [1m[36mbegin transaction[0m
  [1m[36mMovie Update (0.7ms)[0m  [1m[33mUPDATE "movies" SET "updated_at" = ?, "description" = ?, "released_on" = ? WHERE "movies"."id" = ?[0m  [["updated_at", "2024-11-01 18:13:30.451330"], ["description", "Clark Kent grows up to be the greatest super-hero"], ["released_on", "1978-12-15"], ["id", 4]]
  [1m[36mTRANSACTION (1.2ms)[0m  [1m[36mcommit transaction[0m
  [1m[36mMovie Load (0.3ms)[0m  [1m[34mSELECT "movies".* FROM "movies" WHERE "movies"."title" = ? LIMIT ?[0m  [["title", "Spider-Man"], ["LIMIT", 1]]
  [1m[36mTRANSACTION (0.0ms)[0m  [1m[36mbegin transaction[0m
  [1m[36mMovie Update (0.3ms)[0m  [1m[33mUPDATE "movies" SET "updated_at" = ?, "description" = ?, "released_on" = ? WHERE "movies"."id" = ?[0m  [["updated_at", "2024-11-01 18:14:06.555776"], ["description", "Peter Parker gets bitten by a genetically modified spider"], ["released_on", "2002-05-03"], ["id", 5]]
  [1m[36mTRANSACTION (0.8ms)[0m  [1m[36mcommit transaction[0m
  [1m[36mMovie Load (0.1ms)[0m  [1m[34mSELECT "movies".* FROM "movies"[0m
Started GET "/movies" for ::1 at 2024-11-01 14:15:30 -0400
  [1m[36mActiveRecord::SchemaMigration Pluck (0.0ms)[0m  [1m[34mSELECT "schema_migrations"."version" FROM "schema_migrations" ORDER BY "schema_migrations"."version" ASC[0m
Processing by MoviesController#index as HTML
  Rendering layout layouts/application.html.erb
  Rendering movies/index.html.erb within layouts/application
  [1m[36mMovie Load (0.1ms)[0m  [1m[34mSELECT "movies".* FROM "movies"[0m
  ↳ app/views/movies/index.html.erb:4
  Rendered movies/index.html.erb within layouts/application (Duration: 2.3ms | Allocations: 2888)
  Rendered layout layouts/application.html.erb (Duration: 12.0ms | Allocations: 19958)
Completed 200 OK in 15ms (Views: 12.8ms | ActiveRecord: 0.1ms | Allocations: 21688)


Started GET "/movies" for ::1 at 2024-11-01 15:21:38 -0400
Processing by MoviesController#index as HTML
  Rendering layout layouts/application.html.erb
  Rendering movies/index.html.erb within layouts/application
  [1m[36mMovie Load (0.1ms)[0m  [1m[34mSELECT "movies".* FROM "movies"[0m
  ↳ app/views/movies/index.html.erb:4
  Rendered movies/index.html.erb within layouts/application (Duration: 2.4ms | Allocations: 1566)
  Rendered layout layouts/application.html.erb (Duration: 4.4ms | Allocations: 3603)
Completed 200 OK in 6ms (Views: 5.0ms | ActiveRecord: 0.4ms | Allocations: 4548)


Started GET "/movies" for ::1 at 2024-11-01 15:23:40 -0400
Processing by MoviesController#index as HTML
  Rendering layout layouts/application.html.erb
  Rendering movies/index.html.erb within layouts/application
  [1m[36mMovie Load (0.1ms)[0m  [1m[34mSELECT "movies".* FROM "movies"[0m
  ↳ app/views/movies/index.html.erb:4
  Rendered movies/index.html.erb within layouts/application (Duration: 18.0ms | Allocations: 7374)
  Rendered layout layouts/application.html.erb (Duration: 18.2ms | Allocations: 7472)
Completed 500 Internal Server Error in 20ms (ActiveRecord: 0.1ms | Allocations: 8409)


  
ActionView::Template::Error (undefined method `total_gross' for #<ActionView::Base:0x00000000011e90>

      '.freeze;@output_buffer.append=( total_gross(movie) );@output_buffer.safe_append='
                                       ^^^^^^^^^^^):
     5:     <li>
     6:       <strong><%= movie.title %></strong>
     7:       (<%= movie.rating %>):
     8:       <%= total_gross(movie) %>
     9:     </li>
    10:     <p>
    11:       <%= truncate(movie.description, length: 40, separator: '') %>
  
app/views/movies/index.html.erb:8
app/views/movies/index.html.erb:4
Started GET "/movies" for ::1 at 2024-11-01 15:23:48 -0400
Processing by MoviesController#index as HTML
  Rendering layout layouts/application.html.erb
  Rendering movies/index.html.erb within layouts/application
  [1m[36mMovie Load (0.1ms)[0m  [1m[34mSELECT "movies".* FROM "movies"[0m
  ↳ app/views/movies/index.html.erb:4
  Rendered movies/index.html.erb within layouts/application (Duration: 1.9ms | Allocations: 1385)
  Rendered layout layouts/application.html.erb (Duration: 3.7ms | Allocations: 3425)
Completed 200 OK in 5ms (Views: 4.7ms | ActiveRecord: 0.1ms | Allocations: 4377)


Started GET "/movies" for ::1 at 2024-11-01 15:24:06 -0400
Processing by MoviesController#index as HTML
  Rendering layout layouts/application.html.erb
  Rendering movies/index.html.erb within layouts/application
  [1m[36mMovie Load (0.1ms)[0m  [1m[34mSELECT "movies".* FROM "movies"[0m
  ↳ app/views/movies/index.html.erb:4
  Rendered movies/index.html.erb within layouts/application (Duration: 14.7ms | Allocations: 5156)
  Rendered layout layouts/application.html.erb (Duration: 14.9ms | Allocations: 5241)
Completed 500 Internal Server Error in 18ms (ActiveRecord: 0.1ms | Allocations: 6157)


  
ActionView::Template::Error (undefined method `total_gross' for #<ActionView::Base:0x00000000012278>

      '.freeze;@output_buffer.append=( total_gross(movie) );@output_buffer.safe_append='
                                       ^^^^^^^^^^^):
     5:     <li>
     6:       <strong><%= movie.title %></strong>
     7:       (<%= movie.rating %>):
     8:       <%= total_gross(movie) %>
     9:     </li>
    10:     <p>
    11:       <%= truncate(movie.description, length: 40, separator: '') %>
  
app/views/movies/index.html.erb:8
app/views/movies/index.html.erb:4
Started GET "/movies" for ::1 at 2024-11-01 15:26:17 -0400
Processing by MoviesController#index as HTML
  Rendering layout layouts/application.html.erb
  Rendering movies/index.html.erb within layouts/application
  [1m[36mMovie Load (0.3ms)[0m  [1m[34mSELECT "movies".* FROM "movies"[0m
  ↳ app/views/movies/index.html.erb:4
  Rendered movies/index.html.erb within layouts/application (Duration: 4.2ms | Allocations: 4838)
  Rendered layout layouts/application.html.erb (Duration: 14.2ms | Allocations: 21929)
Completed 200 OK in 16ms (Views: 14.1ms | ActiveRecord: 0.6ms | Allocations: 23242)


Started GET "/movies" for ::1 at 2024-11-01 15:49:57 -0400
Processing by MoviesController#index as HTML
  Rendering layout layouts/application.html.erb
  Rendering movies/index.html.erb within layouts/application
  [1m[36mMovie Load (0.1ms)[0m  [1m[34mSELECT "movies".* FROM "movies"[0m
  ↳ app/views/movies/index.html.erb:4
  Rendered movies/index.html.erb within layouts/application (Duration: 2.2ms | Allocations: 1118)
  Rendered layout layouts/application.html.erb (Duration: 4.1ms | Allocations: 2700)
Completed 200 OK in 5ms (Views: 4.4ms | ActiveRecord: 0.3ms | Allocations: 3000)


Started GET "/movies" for ::1 at 2024-11-01 15:50:55 -0400
Processing by MoviesController#index as HTML
  Rendering layout layouts/application.html.erb
  Rendering movies/index.html.erb within layouts/application
  [1m[36mMovie Load (0.1ms)[0m  [1m[34mSELECT "movies".* FROM "movies"[0m
  ↳ app/views/movies/index.html.erb:4
  Rendered movies/index.html.erb within layouts/application (Duration: 1.5ms | Allocations: 966)
  Rendered layout layouts/application.html.erb (Duration: 3.6ms | Allocations: 2548)
Completed 200 OK in 6ms (Views: 4.8ms | ActiveRecord: 0.1ms | Allocations: 2825)


  [1m[36mTRANSACTION (0.1ms)[0m  [1m[36mbegin transaction[0m
  [1m[36mMovie Create (0.5ms)[0m  [1m[32mINSERT INTO "movies" ("title", "rating", "total_gross", "created_at", "updated_at", "description", "released_on") VALUES (?, ?, ?, ?, ?, ?, ?)[0m  [["title", "Fantastic Four"], ["rating", "PG-13"], ["total_gross", 168257860.0], ["created_at", "2024-11-01 19:53:21.453428"], ["updated_at", "2024-11-01 19:53:21.453428"], ["description", "Four young outsiders teleport to an alternate and dangerous universe"], ["released_on", "2015-08-07"]]
  [1m[36mTRANSACTION (1.1ms)[0m  [1m[36mcommit transaction[0m
  [1m[36mMovie Load (0.2ms)[0m  [1m[34mSELECT "movies".* FROM "movies"[0m
Started GET "/movies" for ::1 at 2024-11-01 15:53:32 -0400
Processing by MoviesController#index as HTML
  Rendering layout layouts/application.html.erb
  Rendering movies/index.html.erb within layouts/application
  [1m[36mMovie Load (0.1ms)[0m  [1m[34mSELECT "movies".* FROM "movies"[0m
  ↳ app/views/movies/index.html.erb:4
  Rendered movies/index.html.erb within layouts/application (Duration: 1.1ms | Allocations: 1109)
  Rendered layout layouts/application.html.erb (Duration: 2.8ms | Allocations: 2703)
Completed 200 OK in 3ms (Views: 2.9ms | ActiveRecord: 0.1ms | Allocations: 2980)


Started GET "/movies" for ::1 at 2024-11-01 15:55:35 -0400
  
SyntaxError (/Users/reza/Documents/personal/Web Projects/flix-rr-project/app/helpers/movies_helper.rb:10: syntax error, unexpected end-of-input, expecting `end'):
  
app/helpers/movies_helper.rb:10: syntax error, unexpected end-of-input, expecting `end'
app/helpers/movies_helper.rb:10: syntax error, unexpected end-of-input, expecting `end'
app/controllers/application_controller.rb:1:in `<main>'
app/controllers/movies_controller.rb:1:in `<main>'
Started GET "/movies" for ::1 at 2024-11-01 15:56:20 -0400
Processing by MoviesController#index as HTML
  Rendering layout layouts/application.html.erb
  Rendering movies/index.html.erb within layouts/application
  [1m[36mMovie Load (0.0ms)[0m  [1m[34mSELECT "movies".* FROM "movies"[0m
  ↳ app/views/movies/index.html.erb:4
  Rendered movies/index.html.erb within layouts/application (Duration: 2.7ms | Allocations: 3629)
  Rendered layout layouts/application.html.erb (Duration: 12.3ms | Allocations: 20514)
Completed 200 OK in 14ms (Views: 12.4ms | ActiveRecord: 0.4ms | Allocations: 21831)


Started GET "/movies" for ::1 at 2024-11-01 15:57:20 -0400
Processing by MoviesController#index as HTML
  Rendering layout layouts/application.html.erb
  Rendering movies/index.html.erb within layouts/application
  [1m[36mMovie Load (0.0ms)[0m  [1m[34mSELECT "movies".* FROM "movies"[0m
  ↳ app/views/movies/index.html.erb:4
  Rendered movies/index.html.erb within layouts/application (Duration: 3.0ms | Allocations: 3571)
  Rendered layout layouts/application.html.erb (Duration: 10.4ms | Allocations: 20371)
Completed 200 OK in 12ms (Views: 10.4ms | ActiveRecord: 0.4ms | Allocations: 21685)


Started GET "/movies" for ::1 at 2024-11-01 16:24:27 -0400
Processing by MoviesController#index as HTML
  Rendering layout layouts/application.html.erb
  Rendering movies/index.html.erb within layouts/application
  [1m[36mMovie Load (0.0ms)[0m  [1m[34mSELECT "movies".* FROM "movies"[0m
  ↳ app/views/movies/index.html.erb:4
  Rendered movies/index.html.erb within layouts/application (Duration: 8.0ms | Allocations: 6725)
  Rendered layout layouts/application.html.erb (Duration: 8.1ms | Allocations: 6810)
Completed 500 Internal Server Error in 10ms (ActiveRecord: 0.2ms | Allocations: 8120)


  
ActionView::Template::Error (undefined method `flop?' for #<ActionView::Base:0x00000000024590>

    if flop?
       ^^^^^):
     5:     <li>
     6:       <strong><%= movie.title %></strong>
     7:       (<%= movie.rating %>):
     8:       <%= total_gross(movie) %>
     9:     </li>
    10:     <p>
    11:       <%= truncate(movie.description, length: 40, separator: '') %>
  
app/helpers/movies_helper.rb:4:in `total_gross'
app/views/movies/index.html.erb:8
app/views/movies/index.html.erb:4
Started GET "/movies" for ::1 at 2024-11-01 16:24:48 -0400
Processing by MoviesController#index as HTML
  Rendering layout layouts/application.html.erb
  Rendering movies/index.html.erb within layouts/application
  [1m[36mMovie Load (0.0ms)[0m  [1m[34mSELECT "movies".* FROM "movies"[0m
  ↳ app/views/movies/index.html.erb:4
  Rendered movies/index.html.erb within layouts/application (Duration: 9.3ms | Allocations: 8923)
  Rendered layout layouts/application.html.erb (Duration: 9.4ms | Allocations: 9008)
Completed 500 Internal Server Error in 11ms (ActiveRecord: 0.5ms | Allocations: 10291)


  
ActionView::Template::Error (undefined method `gross_total' for #<Movie id: 1, title: "Iron Man", rating: "PG-13", total_gross: 0.585366247e9, created_at: "2024-10-30 14:49:43.269434000 +0000", updated_at: "2024-11-01 18:12:36.062132000 +0000", description: "Tony Stark builds an armored suit to fight the thr...", released_on: "2008-05-02">):
     5:     <li>
     6:       <strong><%= movie.title %></strong>
     7:       (<%= movie.rating %>):
     8:       <%= total_gross(movie) %>
     9:     </li>
    10:     <p>
    11:       <%= truncate(movie.description, length: 40, separator: '') %>
  
app/helpers/movies_helper.rb:4:in `total_gross'
app/views/movies/index.html.erb:8
app/views/movies/index.html.erb:4
Started GET "/movies" for ::1 at 2024-11-01 16:25:13 -0400
  
SyntaxError (/Users/reza/Documents/personal/Web Projects/flix-rr-project/app/helpers/movies_helper.rb:6: else without rescue is useless
    else
    ^~~~
/Users/reza/Documents/personal/Web Projects/flix-rr-project/app/helpers/movies_helper.rb:11: syntax error, unexpected `end', expecting end-of-input):
  
app/helpers/movies_helper.rb:6: else without rescue is useless
app/helpers/movies_helper.rb:11: syntax error, unexpected `end', expecting end-of-input
app/helpers/movies_helper.rb:6: else without rescue is useless
app/helpers/movies_helper.rb:11: syntax error, unexpected `end', expecting end-of-input
app/controllers/application_controller.rb:1:in `<main>'
app/controllers/movies_controller.rb:1:in `<main>'
Started GET "/movies" for ::1 at 2024-11-01 16:25:23 -0400
Processing by MoviesController#index as HTML
  Rendering layout layouts/application.html.erb
  Rendering movies/index.html.erb within layouts/application
  [1m[36mMovie Load (0.0ms)[0m  [1m[34mSELECT "movies".* FROM "movies"[0m
  ↳ app/views/movies/index.html.erb:4
  Rendered movies/index.html.erb within layouts/application (Duration: 5.9ms | Allocations: 7262)
  Rendered layout layouts/application.html.erb (Duration: 6.0ms | Allocations: 7347)
Completed 500 Internal Server Error in 7ms (ActiveRecord: 0.3ms | Allocations: 8630)


  
ActionView::Template::Error (undefined method `flop?' for #<ActionView::Base:0x0000000002f8c8>

    flop?
    ^^^^^):
     5:     <li>
     6:       <strong><%= movie.title %></strong>
     7:       (<%= movie.rating %>):
     8:       <%= total_gross(movie) %>
     9:     </li>
    10:     <p>
    11:       <%= truncate(movie.description, length: 40, separator: '') %>
  
app/helpers/movies_helper.rb:4:in `total_gross'
app/views/movies/index.html.erb:8
app/views/movies/index.html.erb:4
Started GET "/movies" for ::1 at 2024-11-01 16:25:33 -0400
Processing by MoviesController#index as HTML
  Rendering layout layouts/application.html.erb
  Rendering movies/index.html.erb within layouts/application
  [1m[36mMovie Load (0.3ms)[0m  [1m[34mSELECT "movies".* FROM "movies"[0m
  ↳ app/views/movies/index.html.erb:4
  Rendered movies/index.html.erb within layouts/application (Duration: 8.5ms | Allocations: 8782)
  Rendered layout layouts/application.html.erb (Duration: 8.6ms | Allocations: 8867)
Completed 500 Internal Server Error in 10ms (ActiveRecord: 0.6ms | Allocations: 10150)


  
ActionView::Template::Error (undefined method `gross_total' for #<Movie id: 1, title: "Iron Man", rating: "PG-13", total_gross: 0.585366247e9, created_at: "2024-10-30 14:49:43.269434000 +0000", updated_at: "2024-11-01 18:12:36.062132000 +0000", description: "Tony Stark builds an armored suit to fight the thr...", released_on: "2008-05-02">):
     5:     <li>
     6:       <strong><%= movie.title %></strong>
     7:       (<%= movie.rating %>):
     8:       <%= total_gross(movie) %>
     9:     </li>
    10:     <p>
    11:       <%= truncate(movie.description, length: 40, separator: '') %>
  
app/helpers/movies_helper.rb:4:in `total_gross'
app/views/movies/index.html.erb:8
app/views/movies/index.html.erb:4
Started GET "/movies" for ::1 at 2024-11-01 16:25:51 -0400
Processing by MoviesController#index as HTML
  Rendering layout layouts/application.html.erb
  Rendering movies/index.html.erb within layouts/application
  [1m[36mMovie Load (0.0ms)[0m  [1m[34mSELECT "movies".* FROM "movies"[0m
  ↳ app/views/movies/index.html.erb:4
  Rendered movies/index.html.erb within layouts/application (Duration: 11.3ms | Allocations: 10202)
  Rendered layout layouts/application.html.erb (Duration: 11.5ms | Allocations: 10287)
Completed 500 Internal Server Error in 13ms (ActiveRecord: 0.3ms | Allocations: 11572)


  
ActionView::Template::Error (undefined local variable or method `total_gorss' for #<Movie id: 1, title: "Iron Man", rating: "PG-13", total_gross: 0.585366247e9, created_at: "2024-10-30 14:49:43.269434000 +0000", updated_at: "2024-11-01 18:12:36.062132000 +0000", description: "Tony Stark builds an armored suit to fight the thr...", released_on: "2008-05-02">
Did you mean?  total_gross
               total_gross?
               total_gross=):
     5:     <li>
     6:       <strong><%= movie.title %></strong>
     7:       (<%= movie.rating %>):
     8:       <%= total_gross(movie) %>
     9:     </li>
    10:     <p>
    11:       <%= truncate(movie.description, length: 40, separator: '') %>
  
app/models/movie.rb:4:in `flop?'
app/helpers/movies_helper.rb:4:in `total_gross'
app/views/movies/index.html.erb:8
app/views/movies/index.html.erb:4
Started GET "/movies" for ::1 at 2024-11-01 16:26:35 -0400
Processing by MoviesController#index as HTML
  Rendering layout layouts/application.html.erb
  Rendering movies/index.html.erb within layouts/application
  [1m[36mMovie Load (0.1ms)[0m  [1m[34mSELECT "movies".* FROM "movies"[0m
  ↳ app/views/movies/index.html.erb:4
  Rendered movies/index.html.erb within layouts/application (Duration: 18.9ms | Allocations: 7546)
  Rendered layout layouts/application.html.erb (Duration: 19.1ms | Allocations: 7625)
Completed 500 Internal Server Error in 20ms (ActiveRecord: 0.1ms | Allocations: 7900)


  
ActionView::Template::Error (undefined local variable or method `total_gorss' for #<Movie id: 1, title: "Iron Man", rating: "PG-13", total_gross: 0.585366247e9, created_at: "2024-10-30 14:49:43.269434000 +0000", updated_at: "2024-11-01 18:12:36.062132000 +0000", description: "Tony Stark builds an armored suit to fight the thr...", released_on: "2008-05-02">
Did you mean?  total_gross
               total_gross?
               total_gross=):
     5:     <li>
     6:       <strong><%= movie.title %></strong>
     7:       (<%= movie.rating %>):
     8:       <%= total_gross(movie) %>
     9:     </li>
    10:     <p>
    11:       <%= truncate(movie.description, length: 40, separator: '') %>
  
app/models/movie.rb:4:in `flop?'
app/helpers/movies_helper.rb:4:in `total_gross'
app/views/movies/index.html.erb:8
app/views/movies/index.html.erb:4
Started GET "/movies" for ::1 at 2024-11-01 16:26:39 -0400
Processing by MoviesController#index as HTML
  Rendering layout layouts/application.html.erb
  Rendering movies/index.html.erb within layouts/application
  [1m[36mMovie Load (0.1ms)[0m  [1m[34mSELECT "movies".* FROM "movies"[0m
  ↳ app/views/movies/index.html.erb:4
  Rendered movies/index.html.erb within layouts/application (Duration: 19.5ms | Allocations: 7546)
  Rendered layout layouts/application.html.erb (Duration: 19.8ms | Allocations: 7625)
Completed 500 Internal Server Error in 21ms (ActiveRecord: 0.1ms | Allocations: 7877)


  
ActionView::Template::Error (undefined local variable or method `total_gorss' for #<Movie id: 1, title: "Iron Man", rating: "PG-13", total_gross: 0.585366247e9, created_at: "2024-10-30 14:49:43.269434000 +0000", updated_at: "2024-11-01 18:12:36.062132000 +0000", description: "Tony Stark builds an armored suit to fight the thr...", released_on: "2008-05-02">
Did you mean?  total_gross
               total_gross?
               total_gross=):
     5:     <li>
     6:       <strong><%= movie.title %></strong>
     7:       (<%= movie.rating %>):
     8:       <%= total_gross(movie) %>
     9:     </li>
    10:     <p>
    11:       <%= truncate(movie.description, length: 40, separator: '') %>
  
app/models/movie.rb:4:in `flop?'
app/helpers/movies_helper.rb:4:in `total_gross'
app/views/movies/index.html.erb:8
app/views/movies/index.html.erb:4
Started GET "/movies" for ::1 at 2024-11-01 16:27:32 -0400
Processing by MoviesController#index as HTML
  Rendering layout layouts/application.html.erb
  Rendering movies/index.html.erb within layouts/application
  [1m[36mMovie Load (0.0ms)[0m  [1m[34mSELECT "movies".* FROM "movies"[0m
  ↳ app/views/movies/index.html.erb:4
  Rendered movies/index.html.erb within layouts/application (Duration: 12.2ms | Allocations: 10167)
  Rendered layout layouts/application.html.erb (Duration: 12.4ms | Allocations: 10252)
Completed 500 Internal Server Error in 14ms (ActiveRecord: 0.3ms | Allocations: 11562)


  
ActionView::Template::Error (undefined local variable or method `total_gorss' for #<Movie id: 1, title: "Iron Man", rating: "PG-13", total_gross: 0.585366247e9, created_at: "2024-10-30 14:49:43.269434000 +0000", updated_at: "2024-11-01 18:12:36.062132000 +0000", description: "Tony Stark builds an armored suit to fight the thr...", released_on: "2008-05-02">
Did you mean?  total_gross
               total_gross?
               total_gross=):
     5:     <li>
     6:       <strong><%= movie.title %></strong>
     7:       (<%= movie.rating %>):
     8:       <%= total_gross(movie) %>
     9:     </li>
    10:     <p>
    11:       <%= truncate(movie.description, length: 40, separator: '') %>
  
app/models/movie.rb:4:in `flop?'
app/helpers/movies_helper.rb:4:in `total_gross'
app/views/movies/index.html.erb:8
app/views/movies/index.html.erb:4
Started GET "/movies" for ::1 at 2024-11-01 16:27:33 -0400
Processing by MoviesController#index as HTML
  Rendering layout layouts/application.html.erb
  Rendering movies/index.html.erb within layouts/application
  [1m[36mMovie Load (0.1ms)[0m  [1m[34mSELECT "movies".* FROM "movies"[0m
  ↳ app/views/movies/index.html.erb:4
  Rendered movies/index.html.erb within layouts/application (Duration: 19.6ms | Allocations: 7546)
  Rendered layout layouts/application.html.erb (Duration: 19.8ms | Allocations: 7629)
Completed 500 Internal Server Error in 21ms (ActiveRecord: 0.1ms | Allocations: 7904)


  
ActionView::Template::Error (undefined local variable or method `total_gorss' for #<Movie id: 1, title: "Iron Man", rating: "PG-13", total_gross: 0.585366247e9, created_at: "2024-10-30 14:49:43.269434000 +0000", updated_at: "2024-11-01 18:12:36.062132000 +0000", description: "Tony Stark builds an armored suit to fight the thr...", released_on: "2008-05-02">
Did you mean?  total_gross
               total_gross?
               total_gross=):
     5:     <li>
     6:       <strong><%= movie.title %></strong>
     7:       (<%= movie.rating %>):
     8:       <%= total_gross(movie) %>
     9:     </li>
    10:     <p>
    11:       <%= truncate(movie.description, length: 40, separator: '') %>
  
app/models/movie.rb:4:in `flop?'
app/helpers/movies_helper.rb:4:in `total_gross'
app/views/movies/index.html.erb:8
app/views/movies/index.html.erb:4
Started GET "/movies" for ::1 at 2024-11-01 16:27:59 -0400
Processing by MoviesController#index as HTML
  Rendering layout layouts/application.html.erb
  Rendering movies/index.html.erb within layouts/application
  [1m[36mMovie Load (0.0ms)[0m  [1m[34mSELECT "movies".* FROM "movies"[0m
  ↳ app/views/movies/index.html.erb:4
  Rendered movies/index.html.erb within layouts/application (Duration: 4.8ms | Allocations: 3631)
  Rendered layout layouts/application.html.erb (Duration: 14.5ms | Allocations: 20508)
Completed 200 OK in 16ms (Views: 14.6ms | ActiveRecord: 0.4ms | Allocations: 21855)


Started GET "/movies" for ::1 at 2024-11-01 16:35:09 -0400
Processing by MoviesController#index as HTML
  Rendering layout layouts/application.html.erb
  Rendering movies/index.html.erb within layouts/application
  [1m[36mMovie Load (0.1ms)[0m  [1m[34mSELECT "movies".* FROM "movies"[0m
  ↳ app/views/movies/index.html.erb:4
  Rendered movies/index.html.erb within layouts/application (Duration: 2.4ms | Allocations: 1165)
  Rendered layout layouts/application.html.erb (Duration: 4.7ms | Allocations: 2756)
Completed 200 OK in 6ms (Views: 4.6ms | ActiveRecord: 0.5ms | Allocations: 3056)


  [1m[36mMovie Load (0.1ms)[0m  [1m[34mSELECT "movies".* FROM "movies" WHERE "movies"."title" = ? LIMIT ?[0m  [["title", "Iron Man"], ["LIMIT", 1]]
Started GET "/movies" for ::1 at 2024-11-01 16:55:12 -0400
Processing by MoviesController#index as HTML
  Rendering layout layouts/application.html.erb
  Rendering movies/index.html.erb within layouts/application
  [1m[36mMovie Load (0.0ms)[0m  [1m[34mSELECT "movies".* FROM "movies"[0m
  ↳ app/views/movies/index.html.erb:4
  Rendered movies/index.html.erb within layouts/application (Duration: 2.2ms | Allocations: 3123)
  Rendered layout layouts/application.html.erb (Duration: 9.3ms | Allocations: 19936)
Completed 200 OK in 11ms (Views: 9.6ms | ActiveRecord: 0.2ms | Allocations: 21256)


Started GET "/movies" for ::1 at 2024-11-01 16:55:31 -0400
Processing by MoviesController#index as HTML
  Rendering layout layouts/application.html.erb
  Rendering movies/index.html.erb within layouts/application
  [1m[36mMovie Load (0.1ms)[0m  [1m[34mSELECT "movies".* FROM "movies"[0m
  ↳ app/views/movies/index.html.erb:4
  Rendered movies/index.html.erb within layouts/application (Duration: 12.2ms | Allocations: 6713)
  Rendered layout layouts/application.html.erb (Duration: 12.4ms | Allocations: 6798)
Completed 500 Internal Server Error in 14ms (ActiveRecord: 0.1ms | Allocations: 7742)


  
ActionView::Template::Error (undefined method `year_of' for #<Movie id: 1, title: "Iron Man", rating: "PG-13", total_gross: 0.585366247e9, created_at: "2024-10-30 14:49:43.269434000 +0000", updated_at: "2024-11-01 18:12:36.062132000 +0000", description: "Tony Stark builds an armored suit to fight the thr...", released_on: "2008-05-02">):
    11:       <%= truncate(movie.description, length: 40, separator: '') %>
    12:     </p>
    13:     <p>
    14:       <%= movie.year_of %>
    15:     </p>
    16:   <% end %>
    17: </ul>
  
app/views/movies/index.html.erb:14
app/views/movies/index.html.erb:4
Started GET "/movies" for ::1 at 2024-11-01 16:55:47 -0400
Processing by MoviesController#index as HTML
  Rendering layout layouts/application.html.erb
  Rendering movies/index.html.erb within layouts/application
  [1m[36mMovie Load (0.1ms)[0m  [1m[34mSELECT "movies".* FROM "movies"[0m
  ↳ app/views/movies/index.html.erb:4
  Rendered movies/index.html.erb within layouts/application (Duration: 12.4ms | Allocations: 6996)
  Rendered layout layouts/application.html.erb (Duration: 12.6ms | Allocations: 7081)
Completed 500 Internal Server Error in 16ms (ActiveRecord: 0.1ms | Allocations: 7989)


  
ActionView::Template::Error (undefined method `releaseOn' for #<Movie id: 1, title: "Iron Man", rating: "PG-13", total_gross: 0.585366247e9, created_at: "2024-10-30 14:49:43.269434000 +0000", updated_at: "2024-11-01 18:12:36.062132000 +0000", description: "Tony Stark builds an armored suit to fight the thr...", released_on: "2008-05-02">
Did you mean?  released_on
               released_on?
               released_on=):
    11:       <%= truncate(movie.description, length: 40, separator: '') %>
    12:     </p>
    13:     <p>
    14:       <%= movie.year_of(movie.releaseOn) %>
    15:     </p>
    16:   <% end %>
    17: </ul>
  
app/views/movies/index.html.erb:14
app/views/movies/index.html.erb:4
Started GET "/movies" for ::1 at 2024-11-01 16:56:01 -0400
Processing by MoviesController#index as HTML
  Rendering layout layouts/application.html.erb
  Rendering movies/index.html.erb within layouts/application
  [1m[36mMovie Load (0.1ms)[0m  [1m[34mSELECT "movies".* FROM "movies"[0m
  ↳ app/views/movies/index.html.erb:4
  Rendered movies/index.html.erb within layouts/application (Duration: 18.3ms | Allocations: 5679)
  Rendered layout layouts/application.html.erb (Duration: 18.5ms | Allocations: 5764)
Completed 500 Internal Server Error in 21ms (ActiveRecord: 0.1ms | Allocations: 6672)


  
ActionView::Template::Error (undefined local variable or method `released_on' for #<ActionView::Base:0x00000000043418>

      '.freeze;@output_buffer.append=( movie.year_of(released_on) );@output_buffer.safe_append='
                                                     ^^^^^^^^^^^):
    11:       <%= truncate(movie.description, length: 40, separator: '') %>
    12:     </p>
    13:     <p>
    14:       <%= movie.year_of(released_on) %>
    15:     </p>
    16:   <% end %>
    17: </ul>
  
app/views/movies/index.html.erb:14
app/views/movies/index.html.erb:4
Started GET "/movies" for ::1 at 2024-11-01 16:56:18 -0400
Processing by MoviesController#index as HTML
  Rendering layout layouts/application.html.erb
  Rendering movies/index.html.erb within layouts/application
  [1m[36mMovie Load (0.1ms)[0m  [1m[34mSELECT "movies".* FROM "movies"[0m
  ↳ app/views/movies/index.html.erb:4
  Rendered movies/index.html.erb within layouts/application (Duration: 6.4ms | Allocations: 3391)
  Rendered layout layouts/application.html.erb (Duration: 6.6ms | Allocations: 3476)
Completed 500 Internal Server Error in 9ms (ActiveRecord: 0.1ms | Allocations: 4384)


  
ActionView::Template::Error (undefined method `released_on' for Fri, 02 May 2008:Date

    movie.released_on.strftime("%Y")
         ^^^^^^^^^^^^):
    11:       <%= truncate(movie.description, length: 40, separator: '') %>
    12:     </p>
    13:     <p>
    14:       <%= year_of(movie.released_on) %>
    15:     </p>
    16:   <% end %>
    17: </ul>
  
app/helpers/movies_helper.rb:12:in `year_of'
app/views/movies/index.html.erb:14
app/views/movies/index.html.erb:4
Started GET "/movies" for ::1 at 2024-11-01 16:56:48 -0400
Processing by MoviesController#index as HTML
  Rendering layout layouts/application.html.erb
  Rendering movies/index.html.erb within layouts/application
  [1m[36mMovie Load (0.1ms)[0m  [1m[34mSELECT "movies".* FROM "movies"[0m
  ↳ app/views/movies/index.html.erb:4
  Rendered movies/index.html.erb within layouts/application (Duration: 1.4ms | Allocations: 1407)
  Rendered layout layouts/application.html.erb (Duration: 5.2ms | Allocations: 3453)
Completed 200 OK in 7ms (Views: 6.1ms | ActiveRecord: 0.1ms | Allocations: 4391)


Started GET "/movies" for ::1 at 2024-11-01 16:57:31 -0400
Processing by MoviesController#index as HTML
  Rendering layout layouts/application.html.erb
  Rendering movies/index.html.erb within layouts/application
  [1m[36mMovie Load (0.0ms)[0m  [1m[34mSELECT "movies".* FROM "movies"[0m
  ↳ app/views/movies/index.html.erb:4
  Rendered movies/index.html.erb within layouts/application (Duration: 2.5ms | Allocations: 3634)
  Rendered layout layouts/application.html.erb (Duration: 8.4ms | Allocations: 20520)
Completed 200 OK in 10ms (Views: 8.5ms | ActiveRecord: 0.3ms | Allocations: 21840)


